<?xml version="1.0" encoding="UTF-8"?>
<robot generator="Robot 5.0 (Python 3.10.2 on win32)" generated="20220913 16:56:50.308" rpa="false" schemaversion="3">
<suite id="s1" name="Login &amp; Logout">
<suite id="s1-s1" name="Login" source="C:\Users\tanak\OneDrive\Desktop\Automation Testing\PetPaw\TestSuites\Login.robot">
<kw name="Run Keywords" library="BuiltIn" type="SETUP">
<arg>Open Application by Devices</arg>
<arg>adb-R58N32LCN9K-pwsTl2._adb-tls-connect._tcp.</arg>
<arg>12.0</arg>
<arg>Android</arg>
<arg>false</arg>
<arg>AND</arg>
<arg>Sleep</arg>
<arg>30s</arg>
<arg>AND</arg>
<arg>Check popup and accept while using</arg>
<arg>${verify_popup_camera}</arg>
<arg>${verify_popup_image}</arg>
<doc>Executes all the given keywords in a sequence.</doc>
<kw name="Open Application by Devices" library="StartApp_kw">
<arg>adb-R58N32LCN9K-pwsTl2._adb-tls-connect._tcp.</arg>
<arg>12.0</arg>
<arg>Android</arg>
<arg>false</arg>
<kw name="Open Application" library="AppiumLibrary">
<arg>remote_url=http://localhost:4723/wd/hub</arg>
<arg>deviceName=${device_name}</arg>
<arg>platformVersion=${platform_version}</arg>
<arg>platformName=${platform_name}</arg>
<arg>appPackage=com.petpaw.mobile.alpha</arg>
<arg>appActivity=com.petpaw.mobile.MainActivity</arg>
<arg>noReset=${noreset}</arg>
<doc>Opens a new application to given Appium server.
Capabilities of appium server, Android and iOS,
Please check https://github.com/appium/appium/blob/master/docs/en/writing-running-appium/server-args.md
| *Option*            | *Man.* | *Description*     |
| remote_url          | Yes    | Appium server url |
| alias               | no     | alias             |</doc>
<status status="PASS" starttime="20220913 16:56:50.562" endtime="20220913 16:57:03.238"/>
</kw>
<status status="PASS" starttime="20220913 16:56:50.561" endtime="20220913 16:57:03.238"/>
</kw>
<kw name="Sleep" library="BuiltIn">
<arg>30s</arg>
<doc>Pauses the test executed for the given time.</doc>
<msg timestamp="20220913 16:57:33.244" level="INFO">Slept 30 seconds</msg>
<status status="PASS" starttime="20220913 16:57:03.238" endtime="20220913 16:57:33.244"/>
</kw>
<kw name="Check popup and accept while using" library="StartApp_kw">
<arg>${verify_popup_camera}</arg>
<arg>${verify_popup_image}</arg>
<kw name="Run Keyword And Return Status" library="BuiltIn">
<var>${passed}</var>
<arg>Wait Until Element is visible</arg>
<arg>id=com.android.permissioncontroller:id/grant_dialog</arg>
<arg>15s</arg>
<doc>Runs the given keyword with given arguments and returns the status as a Boolean value.</doc>
<kw name="Wait Until Element Is Visible" library="AppiumLibrary">
<arg>id=com.android.permissioncontroller:id/grant_dialog</arg>
<arg>15s</arg>
<doc>Waits until element specified with `locator` is visible.</doc>
<status status="PASS" starttime="20220913 16:57:33.245" endtime="20220913 16:57:33.365"/>
</kw>
<msg timestamp="20220913 16:57:33.365" level="INFO">${passed} = True</msg>
<status status="PASS" starttime="20220913 16:57:33.245" endtime="20220913 16:57:33.365"/>
</kw>
<if>
<branch type="IF" condition="${passed}">
<kw name="Wait Until Element Is Visible" library="AppiumLibrary">
<arg>id=com.android.permissioncontroller:id/permission_message</arg>
<arg>10s</arg>
<doc>Waits until element specified with `locator` is visible.</doc>
<status status="PASS" starttime="20220913 16:57:33.366" endtime="20220913 16:57:33.460"/>
</kw>
<kw name="Element Text Should Be" library="AppiumLibrary">
<arg>id=com.android.permissioncontroller:id/permission_message</arg>
<arg>${verify_permission_camera}</arg>
<doc>Verifies element identified by ``locator`` exactly contains text ``expected``.</doc>
<msg timestamp="20220913 16:57:33.463" level="INFO">Verifying element 'id=com.android.permissioncontroller:id/permission_message' contains exactly text 'Allow PetPaw (Alpha) to take pictures and record video?'.</msg>
<status status="PASS" starttime="20220913 16:57:33.460" endtime="20220913 16:57:33.575"/>
</kw>
<kw name="Tap" library="AppiumLibrary">
<arg>id=com.android.permissioncontroller:id/permission_allow_foreground_only_button</arg>
<doc>Tap element identified by ``locator``. </doc>
<status status="PASS" starttime="20220913 16:57:33.575" endtime="20220913 16:57:33.939"/>
</kw>
<kw name="Wait Until Element Is Visible" library="AppiumLibrary">
<arg>id=com.android.permissioncontroller:id/permission_message</arg>
<arg>10s</arg>
<doc>Waits until element specified with `locator` is visible.</doc>
<status status="PASS" starttime="20220913 16:57:33.939" endtime="20220913 16:57:34.825"/>
</kw>
<kw name="Element Text Should Be" library="AppiumLibrary">
<arg>id=com.android.permissioncontroller:id/permission_message</arg>
<arg>${verify_permission_image}</arg>
<doc>Verifies element identified by ``locator`` exactly contains text ``expected``.</doc>
<msg timestamp="20220913 16:57:34.829" level="INFO">Verifying element 'id=com.android.permissioncontroller:id/permission_message' contains exactly text 'Allow PetPaw (Alpha) to access photos and media on your device?'.</msg>
<status status="PASS" starttime="20220913 16:57:34.825" endtime="20220913 16:57:34.935"/>
</kw>
<kw name="Tap" library="AppiumLibrary">
<arg>id=com.android.permissioncontroller:id/permission_allow_button</arg>
<doc>Tap element identified by ``locator``. </doc>
<status status="PASS" starttime="20220913 16:57:34.936" endtime="20220913 16:57:35.292"/>
</kw>
<status status="PASS" starttime="20220913 16:57:33.366" endtime="20220913 16:57:35.292"/>
</branch>
<status status="PASS" starttime="20220913 16:57:33.366" endtime="20220913 16:57:35.292"/>
</if>
<status status="PASS" starttime="20220913 16:57:33.244" endtime="20220913 16:57:35.292"/>
</kw>
<status status="PASS" starttime="20220913 16:56:50.561" endtime="20220913 16:57:35.292"/>
</kw>
<test id="s1-s1-t1" name="Login_TC-001 empty Login-Tap broadcast" line="21">
<kw name="Run Keyword" library="BuiltIn" type="SETUP">
<arg>Login_kw.Tap Element Show login</arg>
<arg>${broadcast_btn}</arg>
<doc>Executes the given keyword with the given arguments.</doc>
<kw name="Tap Element Show login" library="Login_kw">
<arg>${broadcast_btn}</arg>
<kw name="Wait Until Element Is Visible" library="AppiumLibrary">
<arg>${show_login}</arg>
<arg>30s</arg>
<doc>Waits until element specified with `locator` is visible.</doc>
<status status="PASS" starttime="20220913 16:57:35.296" endtime="20220913 16:57:36.196"/>
</kw>
<kw name="Tap" library="AppiumLibrary">
<arg>${show_login}</arg>
<doc>Tap element identified by ``locator``. </doc>
<status status="PASS" starttime="20220913 16:57:36.196" endtime="20220913 16:57:36.790"/>
</kw>
<status status="PASS" starttime="20220913 16:57:35.295" endtime="20220913 16:57:36.790"/>
</kw>
<status status="PASS" starttime="20220913 16:57:35.294" endtime="20220913 16:57:36.790"/>
</kw>
<kw name="login" library="Login_kw">
<arg>${EMPTY}</arg>
<arg>${EMPTY}</arg>
<kw name="Wait Until Element Is Visible" library="AppiumLibrary">
<arg>${sign_in_btn}</arg>
<arg>30s</arg>
<doc>Waits until element specified with `locator` is visible.</doc>
<status status="PASS" starttime="20220913 16:57:36.794" endtime="20220913 16:57:37.927"/>
</kw>
<kw name="Element Should Be Visible" library="AppiumLibrary">
<arg>${sign_in_btn}</arg>
<doc>Verifies that element identified with locator is visible.</doc>
<status status="PASS" starttime="20220913 16:57:37.927" endtime="20220913 16:57:38.241"/>
</kw>
<kw name="Wait Until Element Is Visible" library="AppiumLibrary">
<arg>${username_input_field}</arg>
<arg>30s</arg>
<doc>Waits until element specified with `locator` is visible.</doc>
<status status="PASS" starttime="20220913 16:57:38.241" endtime="20220913 16:57:38.508"/>
</kw>
<kw name="Input Text" library="AppiumLibrary">
<arg>${username_input_field}</arg>
<arg>${username}</arg>
<doc>Types the given `text` into text field identified by `locator`.</doc>
<msg timestamp="20220913 16:57:38.512" level="INFO">Typing text '' into text field 'xpath=/hierarchy/android.widget.FrameLayout/android.widget.LinearLayout/android.widget.FrameLayout/android.widget.LinearLayout/android.widget.FrameLayout/android.widget.FrameLayout/android.view.ViewGroup/android.view.ViewGroup[1]/android.view.ViewGroup/android.view.ViewGroup/android.view.ViewGroup/android.view.ViewGroup/android.view.ViewGroup/android.view.ViewGroup/android.view.ViewGroup/android.view.ViewGroup/android.view.ViewGroup/android.widget.ScrollView/android.view.ViewGroup/android.view.ViewGroup[3]/android.view.ViewGroup[1]/android.view.ViewGroup/android.widget.EditText'</msg>
<status status="PASS" starttime="20220913 16:57:38.508" endtime="20220913 16:57:38.890"/>
</kw>
<kw name="Wait Until Element Is Visible" library="AppiumLibrary">
<arg>${password_input_field}</arg>
<arg>30s</arg>
<doc>Waits until element specified with `locator` is visible.</doc>
<status status="PASS" starttime="20220913 16:57:38.890" endtime="20220913 16:57:39.816"/>
</kw>
<kw name="Input Password" library="AppiumLibrary">
<arg>${password_input_field}</arg>
<arg>${password}</arg>
<doc>Types the given password into text field identified by `locator`.</doc>
<msg timestamp="20220913 16:57:39.821" level="INFO">Typing password into text field 'xpath=/hierarchy/android.widget.FrameLayout/android.widget.LinearLayout/android.widget.FrameLayout/android.widget.LinearLayout/android.widget.FrameLayout/android.widget.FrameLayout/android.view.ViewGroup/android.view.ViewGroup[1]/android.view.ViewGroup/android.view.ViewGroup/android.view.ViewGroup/android.view.ViewGroup/android.view.ViewGroup/android.view.ViewGroup/android.view.ViewGroup/android.view.ViewGroup/android.view.ViewGroup/android.widget.ScrollView/android.view.ViewGroup/android.view.ViewGroup[3]/android.view.ViewGroup[2]/android.view.ViewGroup/android.widget.EditText'</msg>
<status status="PASS" starttime="20220913 16:57:39.816" endtime="20220913 16:57:40.699"/>
</kw>
<kw name="Tap" library="AppiumLibrary">
<arg>${sign_in_btn}</arg>
<doc>Tap element identified by ``locator``. </doc>
<status status="PASS" starttime="20220913 16:57:40.699" endtime="20220913 16:57:41.718"/>
</kw>
<status status="PASS" starttime="20220913 16:57:36.791" endtime="20220913 16:57:41.718"/>
</kw>
<kw name="verify login fail" library="Login_kw">
<arg>${verify_username_empty}</arg>
<arg>${verify_passwd_empty}</arg>
<kw name="Wait Until Element Is Visible" library="AppiumLibrary">
<arg>${username_alertmessage_text}</arg>
<arg>30s</arg>
<doc>Waits until element specified with `locator` is visible.</doc>
<status status="PASS" starttime="20220913 16:57:41.720" endtime="20220913 16:57:42.981"/>
</kw>
<kw name="Element Text Should Be" library="AppiumLibrary">
<arg>${username_alertmessage_text}</arg>
<arg>${username_fail}</arg>
<doc>Verifies element identified by ``locator`` exactly contains text ``expected``.</doc>
<msg timestamp="20220913 16:57:42.987" level="INFO">Verifying element 'xpath=/hierarchy/android.widget.FrameLayout/android.widget.LinearLayout/android.widget.FrameLayout/android.widget.LinearLayout/android.widget.FrameLayout/android.widget.FrameLayout/android.view.ViewGroup/android.view.ViewGroup[1]/android.view.ViewGroup/android.view.ViewGroup/android.view.ViewGroup/android.view.ViewGroup/android.view.ViewGroup/android.view.ViewGroup/android.view.ViewGroup/android.view.ViewGroup/android.view.ViewGroup/android.widget.ScrollView/android.view.ViewGroup/android.view.ViewGroup[3]/android.widget.TextView[1]' contains exactly text 'This field is require'.</msg>
<status status="PASS" starttime="20220913 16:57:42.981" endtime="20220913 16:57:43.295"/>
</kw>
<kw name="Wait Until Element Is Visible" library="AppiumLibrary">
<arg>${password_alertmessage_text}</arg>
<arg>30s</arg>
<doc>Waits until element specified with `locator` is visible.</doc>
<status status="PASS" starttime="20220913 16:57:43.295" endtime="20220913 16:57:43.546"/>
</kw>
<kw name="Element Text Should Be" library="AppiumLibrary">
<arg>${password_alertmessage_text}</arg>
<arg>${passwd_fail}</arg>
<doc>Verifies element identified by ``locator`` exactly contains text ``expected``.</doc>
<msg timestamp="20220913 16:57:43.550" level="INFO">Verifying element 'xpath=/hierarchy/android.widget.FrameLayout/android.widget.LinearLayout/android.widget.FrameLayout/android.widget.LinearLayout/android.widget.FrameLayout/android.widget.FrameLayout/android.view.ViewGroup/android.view.ViewGroup[1]/android.view.ViewGroup/android.view.ViewGroup/android.view.ViewGroup/android.view.ViewGroup/android.view.ViewGroup/android.view.ViewGroup/android.view.ViewGroup/android.view.ViewGroup/android.view.ViewGroup/android.widget.ScrollView/android.view.ViewGroup/android.view.ViewGroup[3]/android.widget.TextView[2]' contains exactly text 'Password is required'.</msg>
<status status="PASS" starttime="20220913 16:57:43.546" endtime="20220913 16:57:43.887"/>
</kw>
<status status="PASS" starttime="20220913 16:57:41.719" endtime="20220913 16:57:43.887"/>
</kw>
<kw name="Go Back" library="AppiumLibrary" type="TEARDOWN">
<doc>Goes one step backward in the browser history.</doc>
<status status="PASS" starttime="20220913 16:57:43.888" endtime="20220913 16:57:44.151"/>
</kw>
<status status="PASS" starttime="20220913 16:57:35.293" endtime="20220913 16:57:44.152"/>
</test>
<test id="s1-s1-t2" name="Login_TC-002 invalid Login-Tap broadcast" line="25">
<kw name="Run Keyword" library="BuiltIn" type="SETUP">
<arg>Login_kw.Tap Element Show login</arg>
<arg>${broadcast_btn}</arg>
<doc>Executes the given keyword with the given arguments.</doc>
<kw name="Tap Element Show login" library="Login_kw">
<arg>${broadcast_btn}</arg>
<kw name="Wait Until Element Is Visible" library="AppiumLibrary">
<arg>${show_login}</arg>
<arg>30s</arg>
<doc>Waits until element specified with `locator` is visible.</doc>
<status status="PASS" starttime="20220913 16:57:44.156" endtime="20220913 16:57:45.939"/>
</kw>
<kw name="Tap" library="AppiumLibrary">
<arg>${show_login}</arg>
<doc>Tap element identified by ``locator``. </doc>
<status status="PASS" starttime="20220913 16:57:45.939" endtime="20220913 16:57:46.819"/>
</kw>
<status status="PASS" starttime="20220913 16:57:44.156" endtime="20220913 16:57:46.819"/>
</kw>
<status status="PASS" starttime="20220913 16:57:44.155" endtime="20220913 16:57:46.819"/>
</kw>
<kw name="login" library="Login_kw">
<arg>${username_invalid}</arg>
<arg>${passwd_invalid}</arg>
<kw name="Wait Until Element Is Visible" library="AppiumLibrary">
<arg>${sign_in_btn}</arg>
<arg>30s</arg>
<doc>Waits until element specified with `locator` is visible.</doc>
<status status="PASS" starttime="20220913 16:57:46.821" endtime="20220913 16:57:47.912"/>
</kw>
<kw name="Element Should Be Visible" library="AppiumLibrary">
<arg>${sign_in_btn}</arg>
<doc>Verifies that element identified with locator is visible.</doc>
<status status="PASS" starttime="20220913 16:57:47.912" endtime="20220913 16:57:48.172"/>
</kw>
<kw name="Wait Until Element Is Visible" library="AppiumLibrary">
<arg>${username_input_field}</arg>
<arg>30s</arg>
<doc>Waits until element specified with `locator` is visible.</doc>
<status status="PASS" starttime="20220913 16:57:48.173" endtime="20220913 16:57:48.543"/>
</kw>
<kw name="Input Text" library="AppiumLibrary">
<arg>${username_input_field}</arg>
<arg>${username}</arg>
<doc>Types the given `text` into text field identified by `locator`.</doc>
<msg timestamp="20220913 16:57:48.548" level="INFO">Typing text 'test123' into text field 'xpath=/hierarchy/android.widget.FrameLayout/android.widget.LinearLayout/android.widget.FrameLayout/android.widget.LinearLayout/android.widget.FrameLayout/android.widget.FrameLayout/android.view.ViewGroup/android.view.ViewGroup[1]/android.view.ViewGroup/android.view.ViewGroup/android.view.ViewGroup/android.view.ViewGroup/android.view.ViewGroup/android.view.ViewGroup/android.view.ViewGroup/android.view.ViewGroup/android.view.ViewGroup/android.widget.ScrollView/android.view.ViewGroup/android.view.ViewGroup[3]/android.view.ViewGroup[1]/android.view.ViewGroup/android.widget.EditText'</msg>
<status status="PASS" starttime="20220913 16:57:48.543" endtime="20220913 16:57:48.771"/>
</kw>
<kw name="Wait Until Element Is Visible" library="AppiumLibrary">
<arg>${password_input_field}</arg>
<arg>30s</arg>
<doc>Waits until element specified with `locator` is visible.</doc>
<status status="PASS" starttime="20220913 16:57:48.772" endtime="20220913 16:57:49.862"/>
</kw>
<kw name="Input Password" library="AppiumLibrary">
<arg>${password_input_field}</arg>
<arg>${password}</arg>
<doc>Types the given password into text field identified by `locator`.</doc>
<msg timestamp="20220913 16:57:49.867" level="INFO">Typing password into text field 'xpath=/hierarchy/android.widget.FrameLayout/android.widget.LinearLayout/android.widget.FrameLayout/android.widget.LinearLayout/android.widget.FrameLayout/android.widget.FrameLayout/android.view.ViewGroup/android.view.ViewGroup[1]/android.view.ViewGroup/android.view.ViewGroup/android.view.ViewGroup/android.view.ViewGroup/android.view.ViewGroup/android.view.ViewGroup/android.view.ViewGroup/android.view.ViewGroup/android.view.ViewGroup/android.widget.ScrollView/android.view.ViewGroup/android.view.ViewGroup[3]/android.view.ViewGroup[2]/android.view.ViewGroup/android.widget.EditText'</msg>
<status status="PASS" starttime="20220913 16:57:49.862" endtime="20220913 16:57:50.226"/>
</kw>
<kw name="Tap" library="AppiumLibrary">
<arg>${sign_in_btn}</arg>
<doc>Tap element identified by ``locator``. </doc>
<status status="PASS" starttime="20220913 16:57:50.226" endtime="20220913 16:57:51.443"/>
</kw>
<status status="PASS" starttime="20220913 16:57:46.820" endtime="20220913 16:57:51.443"/>
</kw>
<kw name="verify login fail" library="Login_kw">
<arg>${verify_username_fail}</arg>
<arg>${verify_passwd_fail}</arg>
<kw name="Wait Until Element Is Visible" library="AppiumLibrary">
<arg>${username_alertmessage_text}</arg>
<arg>30s</arg>
<doc>Waits until element specified with `locator` is visible.</doc>
<status status="PASS" starttime="20220913 16:57:51.444" endtime="20220913 16:57:52.855"/>
</kw>
<kw name="Element Text Should Be" library="AppiumLibrary">
<arg>${username_alertmessage_text}</arg>
<arg>${username_fail}</arg>
<doc>Verifies element identified by ``locator`` exactly contains text ``expected``.</doc>
<msg timestamp="20220913 16:57:52.858" level="INFO">Verifying element 'xpath=/hierarchy/android.widget.FrameLayout/android.widget.LinearLayout/android.widget.FrameLayout/android.widget.LinearLayout/android.widget.FrameLayout/android.widget.FrameLayout/android.view.ViewGroup/android.view.ViewGroup[1]/android.view.ViewGroup/android.view.ViewGroup/android.view.ViewGroup/android.view.ViewGroup/android.view.ViewGroup/android.view.ViewGroup/android.view.ViewGroup/android.view.ViewGroup/android.view.ViewGroup/android.widget.ScrollView/android.view.ViewGroup/android.view.ViewGroup[3]/android.widget.TextView[1]' contains exactly text 'Username is incorrect'.</msg>
<status status="PASS" starttime="20220913 16:57:52.855" endtime="20220913 16:57:53.142"/>
</kw>
<kw name="Wait Until Element Is Visible" library="AppiumLibrary">
<arg>${password_alertmessage_text}</arg>
<arg>30s</arg>
<doc>Waits until element specified with `locator` is visible.</doc>
<status status="PASS" starttime="20220913 16:57:53.142" endtime="20220913 16:57:53.432"/>
</kw>
<kw name="Element Text Should Be" library="AppiumLibrary">
<arg>${password_alertmessage_text}</arg>
<arg>${passwd_fail}</arg>
<doc>Verifies element identified by ``locator`` exactly contains text ``expected``.</doc>
<msg timestamp="20220913 16:57:53.435" level="INFO">Verifying element 'xpath=/hierarchy/android.widget.FrameLayout/android.widget.LinearLayout/android.widget.FrameLayout/android.widget.LinearLayout/android.widget.FrameLayout/android.widget.FrameLayout/android.view.ViewGroup/android.view.ViewGroup[1]/android.view.ViewGroup/android.view.ViewGroup/android.view.ViewGroup/android.view.ViewGroup/android.view.ViewGroup/android.view.ViewGroup/android.view.ViewGroup/android.view.ViewGroup/android.view.ViewGroup/android.widget.ScrollView/android.view.ViewGroup/android.view.ViewGroup[3]/android.widget.TextView[2]' contains exactly text 'Password is incorrect'.</msg>
<status status="PASS" starttime="20220913 16:57:53.432" endtime="20220913 16:57:53.735"/>
</kw>
<status status="PASS" starttime="20220913 16:57:51.444" endtime="20220913 16:57:53.736"/>
</kw>
<kw name="Go Back" library="AppiumLibrary" type="TEARDOWN">
<doc>Goes one step backward in the browser history.</doc>
<status status="PASS" starttime="20220913 16:57:53.737" endtime="20220913 16:57:53.854"/>
</kw>
<status status="PASS" starttime="20220913 16:57:44.154" endtime="20220913 16:57:53.854"/>
</test>
<test id="s1-s1-t3" name="Login_TC-003 not verify email Login-Tap broadcast" line="29">
<kw name="Run Keyword" library="BuiltIn" type="SETUP">
<arg>Login_kw.Tap Element Show login</arg>
<arg>${broadcast_btn}</arg>
<doc>Executes the given keyword with the given arguments.</doc>
<kw name="Tap Element Show login" library="Login_kw">
<arg>${broadcast_btn}</arg>
<kw name="Wait Until Element Is Visible" library="AppiumLibrary">
<arg>${show_login}</arg>
<arg>30s</arg>
<doc>Waits until element specified with `locator` is visible.</doc>
<status status="PASS" starttime="20220913 16:57:53.858" endtime="20220913 16:57:54.908"/>
</kw>
<kw name="Tap" library="AppiumLibrary">
<arg>${show_login}</arg>
<doc>Tap element identified by ``locator``. </doc>
<status status="PASS" starttime="20220913 16:57:54.908" endtime="20220913 16:57:55.529"/>
</kw>
<status status="PASS" starttime="20220913 16:57:53.858" endtime="20220913 16:57:55.529"/>
</kw>
<status status="PASS" starttime="20220913 16:57:53.857" endtime="20220913 16:57:55.529"/>
</kw>
<kw name="login" library="Login_kw">
<arg>${username_not_verify}</arg>
<arg>${passwd_not_verify}</arg>
<kw name="Wait Until Element Is Visible" library="AppiumLibrary">
<arg>${sign_in_btn}</arg>
<arg>30s</arg>
<doc>Waits until element specified with `locator` is visible.</doc>
<status status="PASS" starttime="20220913 16:57:55.531" endtime="20220913 16:57:56.698"/>
</kw>
<kw name="Element Should Be Visible" library="AppiumLibrary">
<arg>${sign_in_btn}</arg>
<doc>Verifies that element identified with locator is visible.</doc>
<status status="PASS" starttime="20220913 16:57:56.698" endtime="20220913 16:57:56.976"/>
</kw>
<kw name="Wait Until Element Is Visible" library="AppiumLibrary">
<arg>${username_input_field}</arg>
<arg>30s</arg>
<doc>Waits until element specified with `locator` is visible.</doc>
<status status="PASS" starttime="20220913 16:57:56.977" endtime="20220913 16:57:57.267"/>
</kw>
<kw name="Input Text" library="AppiumLibrary">
<arg>${username_input_field}</arg>
<arg>${username}</arg>
<doc>Types the given `text` into text field identified by `locator`.</doc>
<msg timestamp="20220913 16:57:57.271" level="INFO">Typing text 'tanakornp@petpaw.com' into text field 'xpath=/hierarchy/android.widget.FrameLayout/android.widget.LinearLayout/android.widget.FrameLayout/android.widget.LinearLayout/android.widget.FrameLayout/android.widget.FrameLayout/android.view.ViewGroup/android.view.ViewGroup[1]/android.view.ViewGroup/android.view.ViewGroup/android.view.ViewGroup/android.view.ViewGroup/android.view.ViewGroup/android.view.ViewGroup/android.view.ViewGroup/android.view.ViewGroup/android.view.ViewGroup/android.widget.ScrollView/android.view.ViewGroup/android.view.ViewGroup[3]/android.view.ViewGroup[1]/android.view.ViewGroup/android.widget.EditText'</msg>
<status status="PASS" starttime="20220913 16:57:57.267" endtime="20220913 16:57:58.195"/>
</kw>
<kw name="Wait Until Element Is Visible" library="AppiumLibrary">
<arg>${password_input_field}</arg>
<arg>30s</arg>
<doc>Waits until element specified with `locator` is visible.</doc>
<status status="PASS" starttime="20220913 16:57:58.196" endtime="20220913 16:57:59.243"/>
</kw>
<kw name="Input Password" library="AppiumLibrary">
<arg>${password_input_field}</arg>
<arg>${password}</arg>
<doc>Types the given password into text field identified by `locator`.</doc>
<msg timestamp="20220913 16:57:59.247" level="INFO">Typing password into text field 'xpath=/hierarchy/android.widget.FrameLayout/android.widget.LinearLayout/android.widget.FrameLayout/android.widget.LinearLayout/android.widget.FrameLayout/android.widget.FrameLayout/android.view.ViewGroup/android.view.ViewGroup[1]/android.view.ViewGroup/android.view.ViewGroup/android.view.ViewGroup/android.view.ViewGroup/android.view.ViewGroup/android.view.ViewGroup/android.view.ViewGroup/android.view.ViewGroup/android.view.ViewGroup/android.widget.ScrollView/android.view.ViewGroup/android.view.ViewGroup[3]/android.view.ViewGroup[2]/android.view.ViewGroup/android.widget.EditText'</msg>
<status status="PASS" starttime="20220913 16:57:59.244" endtime="20220913 16:57:59.628"/>
</kw>
<kw name="Tap" library="AppiumLibrary">
<arg>${sign_in_btn}</arg>
<doc>Tap element identified by ``locator``. </doc>
<status status="PASS" starttime="20220913 16:57:59.628" endtime="20220913 16:58:01.411"/>
</kw>
<status status="PASS" starttime="20220913 16:57:55.530" endtime="20220913 16:58:01.412"/>
</kw>
<kw name="verify login with not verify email" library="Login_kw">
<arg>${wating_verify_email_title}</arg>
<arg>${wating_verify_email_subtitle}</arg>
<kw name="Wait Until Element Is Visible" library="AppiumLibrary">
<arg>${title_notverifypopup_text}</arg>
<arg>30s</arg>
<doc>Waits until element specified with `locator` is visible.</doc>
<status status="PASS" starttime="20220913 16:58:01.414" endtime="20220913 16:58:03.139"/>
</kw>
<kw name="Element Text Should Be" library="AppiumLibrary">
<arg>${title_notverifypopup_text}</arg>
<arg>${title}</arg>
<doc>Verifies element identified by ``locator`` exactly contains text ``expected``.</doc>
<msg timestamp="20220913 16:58:03.141" level="INFO">Verifying element 'xpath=/hierarchy/android.widget.FrameLayout/android.widget.LinearLayout/android.widget.FrameLayout/android.widget.FrameLayout/android.view.ViewGroup/android.view.ViewGroup/android.view.ViewGroup[2]/android.view.ViewGroup/android.view.ViewGroup[2]/android.widget.TextView[1]' contains exactly text 'Your account waiting to verify'.</msg>
<status status="PASS" starttime="20220913 16:58:03.139" endtime="20220913 16:58:03.334"/>
</kw>
<kw name="Wait Until Element Is Visible" library="AppiumLibrary">
<arg>${subtitle_notverifypopup_text}</arg>
<arg>30s</arg>
<doc>Waits until element specified with `locator` is visible.</doc>
<status status="PASS" starttime="20220913 16:58:03.334" endtime="20220913 16:58:03.535"/>
</kw>
<kw name="Element Text Should Be" library="AppiumLibrary">
<arg>${subtitle_notverifypopup_text}</arg>
<arg>${subtitle}</arg>
<doc>Verifies element identified by ``locator`` exactly contains text ``expected``.</doc>
<msg timestamp="20220913 16:58:03.538" level="INFO">Verifying element 'xpath=/hierarchy/android.widget.FrameLayout/android.widget.LinearLayout/android.widget.FrameLayout/android.widget.FrameLayout/android.view.ViewGroup/android.view.ViewGroup/android.view.ViewGroup[2]/android.view.ViewGroup/android.view.ViewGroup[2]/android.widget.TextView[2]' contains exactly text 'Please go to your email and verify your account.'.</msg>
<status status="PASS" starttime="20220913 16:58:03.535" endtime="20220913 16:58:03.736"/>
</kw>
<kw name="Tap" library="AppiumLibrary">
<arg>${got_it_noverifypopup_btn}</arg>
<doc>Tap element identified by ``locator``. </doc>
<status status="PASS" starttime="20220913 16:58:03.736" endtime="20220913 16:58:04.113"/>
</kw>
<kw name="Wait Until Element Is Visible" library="AppiumLibrary">
<arg>${sign_in_btn}</arg>
<arg>30s</arg>
<doc>Waits until element specified with `locator` is visible.</doc>
<status status="PASS" starttime="20220913 16:58:04.113" endtime="20220913 16:58:05.513"/>
</kw>
<kw name="Element Should Be Visible" library="AppiumLibrary">
<arg>${sign_in_btn}</arg>
<doc>Verifies that element identified with locator is visible.</doc>
<status status="PASS" starttime="20220913 16:58:05.513" endtime="20220913 16:58:05.843"/>
</kw>
<status status="PASS" starttime="20220913 16:58:01.412" endtime="20220913 16:58:05.843"/>
</kw>
<kw name="Go Back" library="AppiumLibrary" type="TEARDOWN">
<doc>Goes one step backward in the browser history.</doc>
<status status="PASS" starttime="20220913 16:58:05.844" endtime="20220913 16:58:06.033"/>
</kw>
<status status="PASS" starttime="20220913 16:57:53.856" endtime="20220913 16:58:06.033"/>
</test>
<test id="s1-s1-t4" name="Login_TC-004 valid Login-Tap broadcast" line="33">
<kw name="Run Keyword" library="BuiltIn" type="SETUP">
<arg>Login_kw.Tap Element Show login</arg>
<arg>${broadcast_btn}</arg>
<doc>Executes the given keyword with the given arguments.</doc>
<kw name="Tap Element Show login" library="Login_kw">
<arg>${broadcast_btn}</arg>
<kw name="Wait Until Element Is Visible" library="AppiumLibrary">
<arg>${show_login}</arg>
<arg>30s</arg>
<doc>Waits until element specified with `locator` is visible.</doc>
<status status="PASS" starttime="20220913 16:58:06.036" endtime="20220913 16:58:07.011"/>
</kw>
<kw name="Tap" library="AppiumLibrary">
<arg>${show_login}</arg>
<doc>Tap element identified by ``locator``. </doc>
<status status="PASS" starttime="20220913 16:58:07.011" endtime="20220913 16:58:07.771"/>
</kw>
<status status="PASS" starttime="20220913 16:58:06.036" endtime="20220913 16:58:07.771"/>
</kw>
<status status="PASS" starttime="20220913 16:58:06.035" endtime="20220913 16:58:07.771"/>
</kw>
<kw name="login" library="Login_kw">
<arg>${username_valid}</arg>
<arg>${passwd_valid}</arg>
<kw name="Wait Until Element Is Visible" library="AppiumLibrary">
<arg>${sign_in_btn}</arg>
<arg>30s</arg>
<doc>Waits until element specified with `locator` is visible.</doc>
<status status="PASS" starttime="20220913 16:58:07.773" endtime="20220913 16:58:08.863"/>
</kw>
<kw name="Element Should Be Visible" library="AppiumLibrary">
<arg>${sign_in_btn}</arg>
<doc>Verifies that element identified with locator is visible.</doc>
<status status="PASS" starttime="20220913 16:58:08.863" endtime="20220913 16:58:09.063"/>
</kw>
<kw name="Wait Until Element Is Visible" library="AppiumLibrary">
<arg>${username_input_field}</arg>
<arg>30s</arg>
<doc>Waits until element specified with `locator` is visible.</doc>
<status status="PASS" starttime="20220913 16:58:09.063" endtime="20220913 16:58:09.316"/>
</kw>
<kw name="Input Text" library="AppiumLibrary">
<arg>${username_input_field}</arg>
<arg>${username}</arg>
<doc>Types the given `text` into text field identified by `locator`.</doc>
<msg timestamp="20220913 16:58:09.319" level="INFO">Typing text '0830501407' into text field 'xpath=/hierarchy/android.widget.FrameLayout/android.widget.LinearLayout/android.widget.FrameLayout/android.widget.LinearLayout/android.widget.FrameLayout/android.widget.FrameLayout/android.view.ViewGroup/android.view.ViewGroup[1]/android.view.ViewGroup/android.view.ViewGroup/android.view.ViewGroup/android.view.ViewGroup/android.view.ViewGroup/android.view.ViewGroup/android.view.ViewGroup/android.view.ViewGroup/android.view.ViewGroup/android.widget.ScrollView/android.view.ViewGroup/android.view.ViewGroup[3]/android.view.ViewGroup[1]/android.view.ViewGroup/android.widget.EditText'</msg>
<status status="PASS" starttime="20220913 16:58:09.316" endtime="20220913 16:58:09.587"/>
</kw>
<kw name="Wait Until Element Is Visible" library="AppiumLibrary">
<arg>${password_input_field}</arg>
<arg>30s</arg>
<doc>Waits until element specified with `locator` is visible.</doc>
<status status="PASS" starttime="20220913 16:58:09.587" endtime="20220913 16:58:10.593"/>
</kw>
<kw name="Input Password" library="AppiumLibrary">
<arg>${password_input_field}</arg>
<arg>${password}</arg>
<doc>Types the given password into text field identified by `locator`.</doc>
<msg timestamp="20220913 16:58:10.595" level="INFO">Typing password into text field 'xpath=/hierarchy/android.widget.FrameLayout/android.widget.LinearLayout/android.widget.FrameLayout/android.widget.LinearLayout/android.widget.FrameLayout/android.widget.FrameLayout/android.view.ViewGroup/android.view.ViewGroup[1]/android.view.ViewGroup/android.view.ViewGroup/android.view.ViewGroup/android.view.ViewGroup/android.view.ViewGroup/android.view.ViewGroup/android.view.ViewGroup/android.view.ViewGroup/android.view.ViewGroup/android.widget.ScrollView/android.view.ViewGroup/android.view.ViewGroup[3]/android.view.ViewGroup[2]/android.view.ViewGroup/android.widget.EditText'</msg>
<status status="PASS" starttime="20220913 16:58:10.593" endtime="20220913 16:58:11.421"/>
</kw>
<kw name="Tap" library="AppiumLibrary">
<arg>${sign_in_btn}</arg>
<doc>Tap element identified by ``locator``. </doc>
<status status="PASS" starttime="20220913 16:58:11.421" endtime="20220913 16:58:12.654"/>
</kw>
<status status="PASS" starttime="20220913 16:58:07.772" endtime="20220913 16:58:12.655"/>
</kw>
<kw name="verify login pass" library="Login_kw">
<arg>${displayname_valid}</arg>
<kw name="Wait Until Element Is Visible" library="AppiumLibrary">
<arg>${me_btn}</arg>
<arg>30s</arg>
<doc>Waits until element specified with `locator` is visible.</doc>
<status status="PASS" starttime="20220913 16:58:12.658" endtime="20220913 16:58:15.557"/>
</kw>
<kw name="Tap" library="AppiumLibrary">
<arg>${me_btn}</arg>
<doc>Tap element identified by ``locator``. </doc>
<status status="PASS" starttime="20220913 16:58:15.557" endtime="20220913 16:58:16.502"/>
</kw>
<kw name="Wait Until Element Is Visible" library="AppiumLibrary">
<arg>${displayname_text}</arg>
<arg>30s</arg>
<doc>Waits until element specified with `locator` is visible.</doc>
<status status="PASS" starttime="20220913 16:58:16.502" endtime="20220913 16:58:17.683"/>
</kw>
<kw name="Element Text Should Be" library="AppiumLibrary">
<arg>${displayname_text}</arg>
<arg>${displayname}</arg>
<doc>Verifies element identified by ``locator`` exactly contains text ``expected``.</doc>
<msg timestamp="20220913 16:58:17.689" level="INFO">Verifying element 'xpath=/hierarchy/android.widget.FrameLayout/android.widget.LinearLayout/android.widget.FrameLayout/android.widget.LinearLayout/android.widget.FrameLayout/android.widget.FrameLayout/android.view.ViewGroup/android.view.ViewGroup[1]/android.view.ViewGroup/android.view.ViewGroup/android.view.ViewGroup/android.view.ViewGroup[1]/android.widget.FrameLayout/android.view.ViewGroup/android.view.ViewGroup/android.view.ViewGroup/android.view.ViewGroup/android.view.ViewGroup/android.view.ViewGroup/android.view.ViewGroup/android.view.ViewGroup/android.view.ViewGroup/android.view.ViewGroup[1]/android.widget.TextView[1]' contains exactly text 'FIATT'.</msg>
<status status="PASS" starttime="20220913 16:58:17.683" endtime="20220913 16:58:18.039"/>
</kw>
<status status="PASS" starttime="20220913 16:58:12.656" endtime="20220913 16:58:18.039"/>
</kw>
<kw name="Go Back" library="AppiumLibrary" type="TEARDOWN">
<doc>Goes one step backward in the browser history.</doc>
<status status="PASS" starttime="20220913 16:58:18.040" endtime="20220913 16:58:18.252"/>
</kw>
<status status="PASS" starttime="20220913 16:58:06.035" endtime="20220913 16:58:18.252"/>
</test>
<kw name="Close Application" library="AppiumLibrary" type="TEARDOWN">
<doc>Closes the current application and also close webdriver session.</doc>
<status status="PASS" starttime="20220913 16:58:18.255" endtime="20220913 16:58:18.989"/>
</kw>
<status status="PASS" starttime="20220913 16:56:50.336" endtime="20220913 16:58:18.989"/>
</suite>
<suite id="s1-s2" name="Logout" source="C:\Users\tanak\OneDrive\Desktop\Automation Testing\PetPaw\TestSuites\Logout.robot">
<kw name="Run Keywords" library="BuiltIn" type="SETUP">
<arg>Open Application by Devices</arg>
<arg>adb-R58N32LCN9K-pwsTl2._adb-tls-connect._tcp.</arg>
<arg>12.0</arg>
<arg>Android</arg>
<arg>false</arg>
<arg>AND</arg>
<arg>Sleep</arg>
<arg>30s</arg>
<arg>AND</arg>
<arg>Check popup and accept while using</arg>
<arg>${verify_popup_camera}</arg>
<arg>${verify_popup_image}</arg>
<doc>Executes all the given keywords in a sequence.</doc>
<kw name="Open Application by Devices" library="StartApp_kw">
<arg>adb-R58N32LCN9K-pwsTl2._adb-tls-connect._tcp.</arg>
<arg>12.0</arg>
<arg>Android</arg>
<arg>false</arg>
<kw name="Open Application" library="AppiumLibrary">
<arg>remote_url=http://localhost:4723/wd/hub</arg>
<arg>deviceName=${device_name}</arg>
<arg>platformVersion=${platform_version}</arg>
<arg>platformName=${platform_name}</arg>
<arg>appPackage=com.petpaw.mobile.alpha</arg>
<arg>appActivity=com.petpaw.mobile.MainActivity</arg>
<arg>noReset=${noreset}</arg>
<doc>Opens a new application to given Appium server.
Capabilities of appium server, Android and iOS,
Please check https://github.com/appium/appium/blob/master/docs/en/writing-running-appium/server-args.md
| *Option*            | *Man.* | *Description*     |
| remote_url          | Yes    | Appium server url |
| alias               | no     | alias             |</doc>
<status status="PASS" starttime="20220913 16:58:19.015" endtime="20220913 16:58:31.714"/>
</kw>
<status status="PASS" starttime="20220913 16:58:19.014" endtime="20220913 16:58:31.714"/>
</kw>
<kw name="Sleep" library="BuiltIn">
<arg>30s</arg>
<doc>Pauses the test executed for the given time.</doc>
<msg timestamp="20220913 16:59:01.718" level="INFO">Slept 30 seconds</msg>
<status status="PASS" starttime="20220913 16:58:31.715" endtime="20220913 16:59:01.718"/>
</kw>
<kw name="Check popup and accept while using" library="StartApp_kw">
<arg>${verify_popup_camera}</arg>
<arg>${verify_popup_image}</arg>
<kw name="Run Keyword And Return Status" library="BuiltIn">
<var>${passed}</var>
<arg>Wait Until Element is visible</arg>
<arg>id=com.android.permissioncontroller:id/grant_dialog</arg>
<arg>15s</arg>
<doc>Runs the given keyword with given arguments and returns the status as a Boolean value.</doc>
<kw name="Wait Until Element Is Visible" library="AppiumLibrary">
<arg>id=com.android.permissioncontroller:id/grant_dialog</arg>
<arg>15s</arg>
<doc>Waits until element specified with `locator` is visible.</doc>
<status status="PASS" starttime="20220913 16:59:01.720" endtime="20220913 16:59:01.846"/>
</kw>
<msg timestamp="20220913 16:59:01.846" level="INFO">${passed} = True</msg>
<status status="PASS" starttime="20220913 16:59:01.719" endtime="20220913 16:59:01.846"/>
</kw>
<if>
<branch type="IF" condition="${passed}">
<kw name="Wait Until Element Is Visible" library="AppiumLibrary">
<arg>id=com.android.permissioncontroller:id/permission_message</arg>
<arg>10s</arg>
<doc>Waits until element specified with `locator` is visible.</doc>
<status status="PASS" starttime="20220913 16:59:01.846" endtime="20220913 16:59:01.932"/>
</kw>
<kw name="Element Text Should Be" library="AppiumLibrary">
<arg>id=com.android.permissioncontroller:id/permission_message</arg>
<arg>${verify_permission_camera}</arg>
<doc>Verifies element identified by ``locator`` exactly contains text ``expected``.</doc>
<msg timestamp="20220913 16:59:01.936" level="INFO">Verifying element 'id=com.android.permissioncontroller:id/permission_message' contains exactly text 'Allow PetPaw (Alpha) to take pictures and record video?'.</msg>
<status status="PASS" starttime="20220913 16:59:01.932" endtime="20220913 16:59:02.008"/>
</kw>
<kw name="Tap" library="AppiumLibrary">
<arg>id=com.android.permissioncontroller:id/permission_allow_foreground_only_button</arg>
<doc>Tap element identified by ``locator``. </doc>
<status status="PASS" starttime="20220913 16:59:02.008" endtime="20220913 16:59:02.280"/>
</kw>
<kw name="Wait Until Element Is Visible" library="AppiumLibrary">
<arg>id=com.android.permissioncontroller:id/permission_message</arg>
<arg>10s</arg>
<doc>Waits until element specified with `locator` is visible.</doc>
<status status="PASS" starttime="20220913 16:59:02.281" endtime="20220913 16:59:03.159"/>
</kw>
<kw name="Element Text Should Be" library="AppiumLibrary">
<arg>id=com.android.permissioncontroller:id/permission_message</arg>
<arg>${verify_permission_image}</arg>
<doc>Verifies element identified by ``locator`` exactly contains text ``expected``.</doc>
<msg timestamp="20220913 16:59:03.164" level="INFO">Verifying element 'id=com.android.permissioncontroller:id/permission_message' contains exactly text 'Allow PetPaw (Alpha) to access photos and media on your device?'.</msg>
<status status="PASS" starttime="20220913 16:59:03.160" endtime="20220913 16:59:03.280"/>
</kw>
<kw name="Tap" library="AppiumLibrary">
<arg>id=com.android.permissioncontroller:id/permission_allow_button</arg>
<doc>Tap element identified by ``locator``. </doc>
<status status="PASS" starttime="20220913 16:59:03.281" endtime="20220913 16:59:03.588"/>
</kw>
<status status="PASS" starttime="20220913 16:59:01.846" endtime="20220913 16:59:03.588"/>
</branch>
<status status="PASS" starttime="20220913 16:59:01.846" endtime="20220913 16:59:03.588"/>
</if>
<status status="PASS" starttime="20220913 16:59:01.719" endtime="20220913 16:59:03.589"/>
</kw>
<status status="PASS" starttime="20220913 16:58:19.013" endtime="20220913 16:59:03.589"/>
</kw>
<test id="s1-s2-t1" name="Logout_TC-001 Logout" line="22">
<kw name="Run Keywords" library="BuiltIn" type="SETUP">
<arg>Login_kw.Tap Element Show login</arg>
<arg>${broadcast_btn}</arg>
<arg>AND</arg>
<arg>login</arg>
<arg>${username_valid}</arg>
<arg>${passwd_valid}</arg>
<doc>Executes all the given keywords in a sequence.</doc>
<kw name="Tap Element Show login" library="Login_kw">
<arg>${broadcast_btn}</arg>
<kw name="Wait Until Element Is Visible" library="AppiumLibrary">
<arg>${show_login}</arg>
<arg>30s</arg>
<doc>Waits until element specified with `locator` is visible.</doc>
<status status="PASS" starttime="20220913 16:59:03.591" endtime="20220913 16:59:04.676"/>
</kw>
<kw name="Tap" library="AppiumLibrary">
<arg>${show_login}</arg>
<doc>Tap element identified by ``locator``. </doc>
<status status="PASS" starttime="20220913 16:59:04.677" endtime="20220913 16:59:05.365"/>
</kw>
<status status="PASS" starttime="20220913 16:59:03.591" endtime="20220913 16:59:05.365"/>
</kw>
<kw name="login" library="Login_kw">
<arg>${username_valid}</arg>
<arg>${passwd_valid}</arg>
<kw name="Wait Until Element Is Visible" library="AppiumLibrary">
<arg>${sign_in_btn}</arg>
<arg>30s</arg>
<doc>Waits until element specified with `locator` is visible.</doc>
<status status="PASS" starttime="20220913 16:59:05.367" endtime="20220913 16:59:06.533"/>
</kw>
<kw name="Element Should Be Visible" library="AppiumLibrary">
<arg>${sign_in_btn}</arg>
<doc>Verifies that element identified with locator is visible.</doc>
<status status="PASS" starttime="20220913 16:59:06.533" endtime="20220913 16:59:06.825"/>
</kw>
<kw name="Wait Until Element Is Visible" library="AppiumLibrary">
<arg>${username_input_field}</arg>
<arg>30s</arg>
<doc>Waits until element specified with `locator` is visible.</doc>
<status status="PASS" starttime="20220913 16:59:06.826" endtime="20220913 16:59:07.084"/>
</kw>
<kw name="Input Text" library="AppiumLibrary">
<arg>${username_input_field}</arg>
<arg>${username}</arg>
<doc>Types the given `text` into text field identified by `locator`.</doc>
<msg timestamp="20220913 16:59:07.091" level="INFO">Typing text '0830501407' into text field 'xpath=/hierarchy/android.widget.FrameLayout/android.widget.LinearLayout/android.widget.FrameLayout/android.widget.LinearLayout/android.widget.FrameLayout/android.widget.FrameLayout/android.view.ViewGroup/android.view.ViewGroup[1]/android.view.ViewGroup/android.view.ViewGroup/android.view.ViewGroup/android.view.ViewGroup/android.view.ViewGroup/android.view.ViewGroup/android.view.ViewGroup/android.view.ViewGroup/android.view.ViewGroup/android.widget.ScrollView/android.view.ViewGroup/android.view.ViewGroup[3]/android.view.ViewGroup[1]/android.view.ViewGroup/android.widget.EditText'</msg>
<status status="PASS" starttime="20220913 16:59:07.085" endtime="20220913 16:59:07.918"/>
</kw>
<kw name="Wait Until Element Is Visible" library="AppiumLibrary">
<arg>${password_input_field}</arg>
<arg>30s</arg>
<doc>Waits until element specified with `locator` is visible.</doc>
<status status="PASS" starttime="20220913 16:59:07.918" endtime="20220913 16:59:09.057"/>
</kw>
<kw name="Input Password" library="AppiumLibrary">
<arg>${password_input_field}</arg>
<arg>${password}</arg>
<doc>Types the given password into text field identified by `locator`.</doc>
<msg timestamp="20220913 16:59:09.061" level="INFO">Typing password into text field 'xpath=/hierarchy/android.widget.FrameLayout/android.widget.LinearLayout/android.widget.FrameLayout/android.widget.LinearLayout/android.widget.FrameLayout/android.widget.FrameLayout/android.view.ViewGroup/android.view.ViewGroup[1]/android.view.ViewGroup/android.view.ViewGroup/android.view.ViewGroup/android.view.ViewGroup/android.view.ViewGroup/android.view.ViewGroup/android.view.ViewGroup/android.view.ViewGroup/android.view.ViewGroup/android.widget.ScrollView/android.view.ViewGroup/android.view.ViewGroup[3]/android.view.ViewGroup[2]/android.view.ViewGroup/android.widget.EditText'</msg>
<status status="PASS" starttime="20220913 16:59:09.057" endtime="20220913 16:59:09.952"/>
</kw>
<kw name="Tap" library="AppiumLibrary">
<arg>${sign_in_btn}</arg>
<doc>Tap element identified by ``locator``. </doc>
<status status="PASS" starttime="20220913 16:59:09.952" endtime="20220913 16:59:11.295"/>
</kw>
<status status="PASS" starttime="20220913 16:59:05.366" endtime="20220913 16:59:11.295"/>
</kw>
<status status="PASS" starttime="20220913 16:59:03.590" endtime="20220913 16:59:11.295"/>
</kw>
<kw name="logout" library="Logout_kw">
<arg>${verify_logout_text}</arg>
<kw name="Wait Until Element Is Visible" library="AppiumLibrary">
<arg>${me_btn}</arg>
<arg>30s</arg>
<doc>Waits until element specified with `locator` is visible.</doc>
<status status="PASS" starttime="20220913 16:59:11.296" endtime="20220913 16:59:14.665"/>
</kw>
<kw name="Tap" library="AppiumLibrary">
<arg>${me_btn}</arg>
<doc>Tap element identified by ``locator``. </doc>
<status status="PASS" starttime="20220913 16:59:14.665" endtime="20220913 16:59:15.560"/>
</kw>
<kw name="Wait Until Element Is Visible" library="AppiumLibrary">
<arg>${logout_btn}</arg>
<arg>30s</arg>
<doc>Waits until element specified with `locator` is visible.</doc>
<status status="PASS" starttime="20220913 16:59:15.560" endtime="20220913 16:59:16.719"/>
</kw>
<kw name="Tap" library="AppiumLibrary">
<arg>${logout_btn}</arg>
<doc>Tap element identified by ``locator``. </doc>
<status status="PASS" starttime="20220913 16:59:16.719" endtime="20220913 16:59:17.342"/>
</kw>
<kw name="Wait Until Element Is Visible" library="AppiumLibrary">
<arg>${title_confirmlogoutpopup_text}</arg>
<arg>30s</arg>
<doc>Waits until element specified with `locator` is visible.</doc>
<status status="PASS" starttime="20220913 16:59:17.342" endtime="20220913 16:59:18.323"/>
</kw>
<kw name="Element Text Should Be" library="AppiumLibrary">
<arg>${title_confirmlogoutpopup_text}</arg>
<arg>${verify_logout_text}</arg>
<doc>Verifies element identified by ``locator`` exactly contains text ``expected``.</doc>
<msg timestamp="20220913 16:59:18.328" level="INFO">Verifying element 'xpath=/hierarchy/android.widget.FrameLayout/android.widget.LinearLayout/android.widget.FrameLayout/android.widget.FrameLayout/android.view.ViewGroup/android.view.ViewGroup/android.view.ViewGroup[2]/android.view.ViewGroup/android.widget.TextView[1]' contains exactly text 'Logout'.</msg>
<status status="PASS" starttime="20220913 16:59:18.324" endtime="20220913 16:59:18.441"/>
</kw>
<kw name="Wait Until Element Is Visible" library="AppiumLibrary">
<arg>${confirm_logout_btn}</arg>
<arg>30s</arg>
<doc>Waits until element specified with `locator` is visible.</doc>
<status status="PASS" starttime="20220913 16:59:18.441" endtime="20220913 16:59:18.541"/>
</kw>
<kw name="Tap" library="AppiumLibrary">
<arg>${confirm_logout_btn}</arg>
<doc>Tap element identified by ``locator``. </doc>
<status status="PASS" starttime="20220913 16:59:18.541" endtime="20220913 16:59:18.838"/>
</kw>
<status status="PASS" starttime="20220913 16:59:11.296" endtime="20220913 16:59:18.839"/>
</kw>
<kw name="verify logout" library="Logout_kw">
<kw name="Wait Until Element Is Visible" library="AppiumLibrary">
<arg>${me_btn}</arg>
<arg>30s</arg>
<doc>Waits until element specified with `locator` is visible.</doc>
<status status="PASS" starttime="20220913 16:59:18.840" endtime="20220913 16:59:21.024"/>
</kw>
<kw name="Tap" library="AppiumLibrary">
<arg>${me_btn}</arg>
<doc>Tap element identified by ``locator``. </doc>
<status status="PASS" starttime="20220913 16:59:21.025" endtime="20220913 16:59:21.905"/>
</kw>
<kw name="Wait Until Element Is Visible" library="AppiumLibrary">
<arg>${sign_in_btn}</arg>
<arg>30s</arg>
<doc>Waits until element specified with `locator` is visible.</doc>
<status status="PASS" starttime="20220913 16:59:21.905" endtime="20220913 16:59:23.062"/>
</kw>
<kw name="Element Should Be Visible" library="AppiumLibrary">
<arg>${sign_in_btn}</arg>
<doc>Verifies that element identified with locator is visible.</doc>
<status status="PASS" starttime="20220913 16:59:23.063" endtime="20220913 16:59:23.330"/>
</kw>
<status status="PASS" starttime="20220913 16:59:18.839" endtime="20220913 16:59:23.330"/>
</kw>
<kw name="Go Back" library="AppiumLibrary" type="TEARDOWN">
<doc>Goes one step backward in the browser history.</doc>
<status status="PASS" starttime="20220913 16:59:23.332" endtime="20220913 16:59:23.445"/>
</kw>
<status status="PASS" starttime="20220913 16:59:03.589" endtime="20220913 16:59:23.446"/>
</test>
<kw name="Close Application" library="AppiumLibrary" type="TEARDOWN">
<doc>Closes the current application and also close webdriver session.</doc>
<status status="PASS" starttime="20220913 16:59:23.448" endtime="20220913 16:59:24.202"/>
</kw>
<status status="PASS" starttime="20220913 16:58:18.992" endtime="20220913 16:59:24.202"/>
</suite>
<status status="PASS" starttime="20220913 16:56:50.310" endtime="20220913 16:59:24.207"/>
</suite>
<statistics>
<total>
<stat pass="5" fail="0" skip="0">All Tests</stat>
</total>
<tag>
</tag>
<suite>
<stat pass="5" fail="0" skip="0" id="s1" name="Login &amp; Logout">Login &amp; Logout</stat>
<stat pass="4" fail="0" skip="0" id="s1-s1" name="Login">Login &amp; Logout.Login</stat>
<stat pass="1" fail="0" skip="0" id="s1-s2" name="Logout">Login &amp; Logout.Logout</stat>
</suite>
</statistics>
<errors>
</errors>
</robot>
